Analysis & Synthesis report for execute
Mon Dec 23 01:18:54 2019
Quartus II 32-bit Version 13.1.0 Build 162 10/23/2013 SJ Web Edition


---------------------
; Table of Contents ;
---------------------
  1. Legal Notice
  2. Analysis & Synthesis Summary
  3. Analysis & Synthesis Settings
  4. Parallel Compilation
  5. Analysis & Synthesis Source Files Read
  6. Analysis & Synthesis Resource Usage Summary
  7. Analysis & Synthesis Resource Utilization by Entity
  8. User-Specified and Inferred Latches
  9. Registers Removed During Synthesis
 10. Removed Registers Triggering Further Register Optimizations
 11. General Register Statistics
 12. Inverted Register Statistics
 13. Multiplexer Restructuring Statistics (Restructuring Performed)
 14. Elapsed Time Per Partition
 15. Analysis & Synthesis Messages



----------------
; Legal Notice ;
----------------
Copyright (C) 1991-2013 Altera Corporation
Your use of Altera Corporation's design tools, logic functions 
and other software and tools, and its AMPP partner logic 
functions, and any output files from any of the foregoing 
(including device programming or simulation files), and any 
associated documentation or information are expressly subject 
to the terms and conditions of the Altera Program License 
Subscription Agreement, Altera MegaCore Function License 
Agreement, or other applicable license agreement, including, 
without limitation, that your use is for the sole purpose of 
programming logic devices manufactured by Altera and sold by 
Altera or its authorized distributors.  Please refer to the 
applicable agreement for further details.



+---------------------------------------------------------------------------------+
; Analysis & Synthesis Summary                                                    ;
+------------------------------------+--------------------------------------------+
; Analysis & Synthesis Status        ; Successful - Mon Dec 23 01:18:53 2019      ;
; Quartus II 32-bit Version          ; 13.1.0 Build 162 10/23/2013 SJ Web Edition ;
; Revision Name                      ; execute                                    ;
; Top-level Entity Name              ; my_package                                 ;
; Family                             ; Cyclone IV E                               ;
; Total logic elements               ; 1,013                                      ;
;     Total combinational functions  ; 1,004                                      ;
;     Dedicated logic registers      ; 444                                        ;
; Total registers                    ; 444                                        ;
; Total pins                         ; 331                                        ;
; Total virtual pins                 ; 0                                          ;
; Total memory bits                  ; 0                                          ;
; Embedded Multiplier 9-bit elements ; 0                                          ;
; Total PLLs                         ; 0                                          ;
+------------------------------------+--------------------------------------------+


+----------------------------------------------------------------------------------------------------------------------+
; Analysis & Synthesis Settings                                                                                        ;
+----------------------------------------------------------------------------+--------------------+--------------------+
; Option                                                                     ; Setting            ; Default Value      ;
+----------------------------------------------------------------------------+--------------------+--------------------+
; Device                                                                     ; EP4CE115F29C7      ;                    ;
; Top-level entity name                                                      ; my_package         ; execute            ;
; Family name                                                                ; Cyclone IV E       ; Cyclone IV GX      ;
; Use smart compilation                                                      ; Off                ; Off                ;
; Enable parallel Assembler and TimeQuest Timing Analyzer during compilation ; On                 ; On                 ;
; Enable compact report table                                                ; Off                ; Off                ;
; Restructure Multiplexers                                                   ; Auto               ; Auto               ;
; Create Debugging Nodes for IP Cores                                        ; Off                ; Off                ;
; Preserve fewer node names                                                  ; On                 ; On                 ;
; Disable OpenCore Plus hardware evaluation                                  ; Off                ; Off                ;
; Verilog Version                                                            ; Verilog_2001       ; Verilog_2001       ;
; VHDL Version                                                               ; VHDL_1993          ; VHDL_1993          ;
; State Machine Processing                                                   ; Auto               ; Auto               ;
; Safe State Machine                                                         ; Off                ; Off                ;
; Extract Verilog State Machines                                             ; On                 ; On                 ;
; Extract VHDL State Machines                                                ; On                 ; On                 ;
; Ignore Verilog initial constructs                                          ; Off                ; Off                ;
; Iteration limit for constant Verilog loops                                 ; 5000               ; 5000               ;
; Iteration limit for non-constant Verilog loops                             ; 250                ; 250                ;
; Add Pass-Through Logic to Inferred RAMs                                    ; On                 ; On                 ;
; Infer RAMs from Raw Logic                                                  ; On                 ; On                 ;
; Parallel Synthesis                                                         ; On                 ; On                 ;
; DSP Block Balancing                                                        ; Auto               ; Auto               ;
; NOT Gate Push-Back                                                         ; On                 ; On                 ;
; Power-Up Don't Care                                                        ; On                 ; On                 ;
; Remove Redundant Logic Cells                                               ; Off                ; Off                ;
; Remove Duplicate Registers                                                 ; On                 ; On                 ;
; Ignore CARRY Buffers                                                       ; Off                ; Off                ;
; Ignore CASCADE Buffers                                                     ; Off                ; Off                ;
; Ignore GLOBAL Buffers                                                      ; Off                ; Off                ;
; Ignore ROW GLOBAL Buffers                                                  ; Off                ; Off                ;
; Ignore LCELL Buffers                                                       ; Off                ; Off                ;
; Ignore SOFT Buffers                                                        ; On                 ; On                 ;
; Limit AHDL Integers to 32 Bits                                             ; Off                ; Off                ;
; Optimization Technique                                                     ; Balanced           ; Balanced           ;
; Carry Chain Length                                                         ; 70                 ; 70                 ;
; Auto Carry Chains                                                          ; On                 ; On                 ;
; Auto Open-Drain Pins                                                       ; On                 ; On                 ;
; Perform WYSIWYG Primitive Resynthesis                                      ; Off                ; Off                ;
; Auto ROM Replacement                                                       ; On                 ; On                 ;
; Auto RAM Replacement                                                       ; On                 ; On                 ;
; Auto DSP Block Replacement                                                 ; On                 ; On                 ;
; Auto Shift Register Replacement                                            ; Auto               ; Auto               ;
; Allow Shift Register Merging across Hierarchies                            ; Auto               ; Auto               ;
; Auto Clock Enable Replacement                                              ; On                 ; On                 ;
; Strict RAM Replacement                                                     ; Off                ; Off                ;
; Allow Synchronous Control Signals                                          ; On                 ; On                 ;
; Force Use of Synchronous Clear Signals                                     ; Off                ; Off                ;
; Auto RAM Block Balancing                                                   ; On                 ; On                 ;
; Auto RAM to Logic Cell Conversion                                          ; Off                ; Off                ;
; Auto Resource Sharing                                                      ; Off                ; Off                ;
; Allow Any RAM Size For Recognition                                         ; Off                ; Off                ;
; Allow Any ROM Size For Recognition                                         ; Off                ; Off                ;
; Allow Any Shift Register Size For Recognition                              ; Off                ; Off                ;
; Use LogicLock Constraints during Resource Balancing                        ; On                 ; On                 ;
; Ignore translate_off and synthesis_off directives                          ; Off                ; Off                ;
; Timing-Driven Synthesis                                                    ; On                 ; On                 ;
; Report Parameter Settings                                                  ; On                 ; On                 ;
; Report Source Assignments                                                  ; On                 ; On                 ;
; Report Connectivity Checks                                                 ; On                 ; On                 ;
; Ignore Maximum Fan-Out Assignments                                         ; Off                ; Off                ;
; Synchronization Register Chain Length                                      ; 2                  ; 2                  ;
; PowerPlay Power Optimization                                               ; Normal compilation ; Normal compilation ;
; HDL message level                                                          ; Level2             ; Level2             ;
; Suppress Register Optimization Related Messages                            ; Off                ; Off                ;
; Number of Removed Registers Reported in Synthesis Report                   ; 5000               ; 5000               ;
; Number of Swept Nodes Reported in Synthesis Report                         ; 5000               ; 5000               ;
; Number of Inverted Registers Reported in Synthesis Report                  ; 100                ; 100                ;
; Clock MUX Protection                                                       ; On                 ; On                 ;
; Auto Gated Clock Conversion                                                ; Off                ; Off                ;
; Block Design Naming                                                        ; Auto               ; Auto               ;
; SDC constraint protection                                                  ; Off                ; Off                ;
; Synthesis Effort                                                           ; Auto               ; Auto               ;
; Shift Register Replacement - Allow Asynchronous Clear Signal               ; On                 ; On                 ;
; Pre-Mapping Resynthesis Optimization                                       ; Off                ; Off                ;
; Analysis & Synthesis Message Level                                         ; Medium             ; Medium             ;
; Disable Register Merging Across Hierarchies                                ; Auto               ; Auto               ;
; Resource Aware Inference For Block RAM                                     ; On                 ; On                 ;
; Synthesis Seed                                                             ; 1                  ; 1                  ;
+----------------------------------------------------------------------------+--------------------+--------------------+


+------------------------------------------+
; Parallel Compilation                     ;
+----------------------------+-------------+
; Processors                 ; Number      ;
+----------------------------+-------------+
; Number detected on machine ; 8           ;
; Maximum allowed            ; 4           ;
;                            ;             ;
; Average used               ; 1.00        ;
; Maximum used               ; 4           ;
;                            ;             ;
; Usage by Processor         ; % Time Used ;
;     Processor 1            ; 100.0%      ;
;     Processors 2-4         ; < 0.1%      ;
;     Processors 5-8         ;   0.0%      ;
+----------------------------+-------------+


+-------------------------------------------------------------------------------------------------------------------------------------------------+
; Analysis & Synthesis Source Files Read                                                                                                          ;
+----------------------------------+-----------------+-----------------------+----------------------------------------------------------+---------+
; File Name with User-Entered Path ; Used in Netlist ; File Type             ; File Name with Absolute Path                             ; Library ;
+----------------------------------+-----------------+-----------------------+----------------------------------------------------------+---------+
; my_components.vhd                ; yes             ; User VHDL File        ; C:/Users/Lenovo/Desktop/sem5/Newfolder/my_components.vhd ;         ;
; my_package.vhd                   ; yes             ; User VHDL File        ; C:/Users/Lenovo/Desktop/sem5/Newfolder/my_package.vhd    ;         ;
; execute.vhd                      ; yes             ; User VHDL File        ; C:/Users/Lenovo/Desktop/sem5/Newfolder/execute.vhd       ;         ;
; fetch.vhd                        ; yes             ; User VHDL File        ; C:/Users/Lenovo/Desktop/sem5/Newfolder/fetch.vhd         ;         ;
; datamem.vhd                      ; yes             ; User VHDL File        ; C:/Users/Lenovo/Desktop/sem5/Newfolder/datamem.vhd       ;         ;
; control.vhd                      ; yes             ; Auto-Found VHDL File  ; C:/Users/Lenovo/Desktop/sem5/Newfolder/control.vhd       ;         ;
; lab9.vhd                         ; yes             ; Auto-Found VHDL File  ; C:/Users/Lenovo/Desktop/sem5/Newfolder/lab9.vhd          ;         ;
+----------------------------------+-----------------+-----------------------+----------------------------------------------------------+---------+


+---------------------------------------------------------+
; Analysis & Synthesis Resource Usage Summary             ;
+---------------------------------------------+-----------+
; Resource                                    ; Usage     ;
+---------------------------------------------+-----------+
; Estimated Total logic elements              ; 1,013     ;
;                                             ;           ;
; Total combinational functions               ; 1004      ;
; Logic element usage by number of LUT inputs ;           ;
;     -- 4 input functions                    ; 680       ;
;     -- 3 input functions                    ; 237       ;
;     -- <=2 input functions                  ; 87        ;
;                                             ;           ;
; Logic elements by mode                      ;           ;
;     -- normal mode                          ; 879       ;
;     -- arithmetic mode                      ; 125       ;
;                                             ;           ;
; Total registers                             ; 444       ;
;     -- Dedicated logic registers            ; 444       ;
;     -- I/O registers                        ; 0         ;
;                                             ;           ;
; I/O pins                                    ; 331       ;
; Embedded Multiplier 9-bit elements          ; 0         ;
; Maximum fan-out node                        ; clk~input ;
; Maximum fan-out                             ; 397       ;
; Total fan-out                               ; 5078      ;
; Average fan-out                             ; 2.41      ;
+---------------------------------------------+-----------+


+--------------------------------------------------------------------------------------------------------------------------------------------------------------------------------+
; Analysis & Synthesis Resource Utilization by Entity                                                                                                                            ;
+----------------------------+-------------------+--------------+-------------+--------------+---------+-----------+------+--------------+------------------------+--------------+
; Compilation Hierarchy Node ; LC Combinationals ; LC Registers ; Memory Bits ; DSP Elements ; DSP 9x9 ; DSP 18x18 ; Pins ; Virtual Pins ; Full Hierarchy Name    ; Library Name ;
+----------------------------+-------------------+--------------+-------------+--------------+---------+-----------+------+--------------+------------------------+--------------+
; |my_package                ; 1004 (0)          ; 444 (0)      ; 0           ; 0            ; 0       ; 0         ; 331  ; 0            ; |my_package            ; work         ;
;    |control:u4|            ; 11 (11)           ; 0 (0)        ; 0           ; 0            ; 0       ; 0         ; 0    ; 0            ; |my_package|control:u4 ; work         ;
;    |datamem:u6|            ; 3 (3)             ; 0 (0)        ; 0           ; 0            ; 0       ; 0         ; 0    ; 0            ; |my_package|datamem:u6 ; work         ;
;    |execute:u3|            ; 228 (228)         ; 64 (64)      ; 0           ; 0            ; 0       ; 0         ; 0    ; 0            ; |my_package|execute:u3 ; work         ;
;    |fetch:u1|              ; 79 (79)           ; 51 (51)      ; 0           ; 0            ; 0       ; 0         ; 0    ; 0            ; |my_package|fetch:u1   ; work         ;
;    |lab9:u2|               ; 683 (683)         ; 329 (329)    ; 0           ; 0            ; 0       ; 0         ; 0    ; 0            ; |my_package|lab9:u2    ; work         ;
+----------------------------+-------------------+--------------+-------------+--------------+---------+-----------+------+--------------+------------------------+--------------+
Note: For table entries with two numbers listed, the numbers in parentheses indicate the number of resources of the given type used by the specific entity alone. The numbers listed outside of parentheses indicate the total resources of the given type used by the specific entity and all of its sub-entities in the hierarchy.


+----------------------------------------------------------------------------------------------------+
; User-Specified and Inferred Latches                                                                ;
+-----------------------------------------------------+---------------------+------------------------+
; Latch Name                                          ; Latch Enable Signal ; Free of Timing Hazards ;
+-----------------------------------------------------+---------------------+------------------------+
; control:u4|alusrc                                   ; control:u4|jump_dec ; no                     ;
; datamem:u6|read_data[0]                             ; control:u4|memtoreg ; yes                    ;
; datamem:u6|read_data[1]                             ; control:u4|memtoreg ; yes                    ;
; datamem:u6|read_data[2]                             ; control:u4|memtoreg ; yes                    ;
; datamem:u6|read_data[4]                             ; control:u4|memtoreg ; yes                    ;
; datamem:u6|read_data[5]                             ; control:u4|memtoreg ; yes                    ;
; datamem:u6|read_data[6]                             ; control:u4|memtoreg ; yes                    ;
; datamem:u6|read_data[8]                             ; control:u4|memtoreg ; yes                    ;
; datamem:u6|read_data[9]                             ; control:u4|memtoreg ; yes                    ;
; datamem:u6|read_data[10]                            ; control:u4|memtoreg ; yes                    ;
; datamem:u6|read_data[12]                            ; control:u4|memtoreg ; yes                    ;
; datamem:u6|read_data[13]                            ; control:u4|memtoreg ; yes                    ;
; datamem:u6|read_data[14]                            ; control:u4|memtoreg ; yes                    ;
; datamem:u6|read_data[16]                            ; control:u4|memtoreg ; yes                    ;
; datamem:u6|read_data[17]                            ; control:u4|memtoreg ; yes                    ;
; datamem:u6|read_data[18]                            ; control:u4|memtoreg ; yes                    ;
; datamem:u6|read_data[20]                            ; control:u4|memtoreg ; yes                    ;
; datamem:u6|read_data[21]                            ; control:u4|memtoreg ; yes                    ;
; datamem:u6|read_data[22]                            ; control:u4|memtoreg ; yes                    ;
; datamem:u6|read_data[24]                            ; control:u4|memtoreg ; yes                    ;
; datamem:u6|read_data[25]                            ; control:u4|memtoreg ; yes                    ;
; datamem:u6|read_data[26]                            ; control:u4|memtoreg ; yes                    ;
; datamem:u6|read_data[28]                            ; control:u4|memtoreg ; yes                    ;
; datamem:u6|read_data[29]                            ; control:u4|memtoreg ; yes                    ;
; datamem:u6|read_data[30]                            ; control:u4|memtoreg ; yes                    ;
; Number of user-specified and inferred latches = 25  ;                     ;                        ;
+-----------------------------------------------------+---------------------+------------------------+
Note: All latches listed above may not be present at the end of synthesis due to various synthesis optimizations.


+----------------------------------------------------------------------------------------------------+
; Registers Removed During Synthesis                                                                 ;
+-----------------------------------------------------------+----------------------------------------+
; Register name                                             ; Reason for Removal                     ;
+-----------------------------------------------------------+----------------------------------------+
; lab9:u2|jump_addr[26..31]                                 ; Stuck at GND due to stuck port data_in ;
; lab9:u2|jump_addr[0]                                      ; Merged with lab9:u2|immediate[0]       ;
; lab9:u2|jump_addr[1]                                      ; Merged with lab9:u2|immediate[1]       ;
; lab9:u2|jump_addr[2]                                      ; Merged with lab9:u2|immediate[2]       ;
; lab9:u2|jump_addr[3]                                      ; Merged with lab9:u2|immediate[3]       ;
; lab9:u2|jump_addr[4]                                      ; Merged with lab9:u2|immediate[4]       ;
; lab9:u2|jump_addr[5]                                      ; Merged with lab9:u2|immediate[5]       ;
; lab9:u2|jump_addr[6]                                      ; Merged with lab9:u2|immediate[6]       ;
; lab9:u2|jump_addr[7]                                      ; Merged with lab9:u2|immediate[7]       ;
; lab9:u2|jump_addr[8]                                      ; Merged with lab9:u2|immediate[8]       ;
; lab9:u2|jump_addr[9]                                      ; Merged with lab9:u2|immediate[9]       ;
; lab9:u2|jump_addr[10]                                     ; Merged with lab9:u2|immediate[10]      ;
; lab9:u2|jump_addr[11]                                     ; Merged with lab9:u2|immediate[11]      ;
; lab9:u2|jump_addr[12]                                     ; Merged with lab9:u2|immediate[12]      ;
; lab9:u2|jump_addr[13]                                     ; Merged with lab9:u2|immediate[13]      ;
; lab9:u2|jump_addr[14]                                     ; Merged with lab9:u2|immediate[14]      ;
; lab9:u2|immediate[16..31]                                 ; Merged with lab9:u2|immediate[15]      ;
; lab9:u2|jump_addr[15]                                     ; Merged with lab9:u2|immediate[15]      ;
; fetch:u1|pc_out[0]                                        ; Merged with fetch:u1|pc[0]             ;
; fetch:u1|pc_out[1]                                        ; Merged with fetch:u1|pc[1]             ;
; fetch:u1|pc_out[2]                                        ; Merged with fetch:u1|pc[2]             ;
; fetch:u1|pc_out[3]                                        ; Merged with fetch:u1|pc[3]             ;
; fetch:u1|pc_out[4]                                        ; Merged with fetch:u1|pc[4]             ;
; fetch:u1|pc_out[5]                                        ; Merged with fetch:u1|pc[5]             ;
; fetch:u1|pc_out[6]                                        ; Merged with fetch:u1|pc[6]             ;
; fetch:u1|pc_out[7]                                        ; Merged with fetch:u1|pc[7]             ;
; fetch:u1|pc_out[8]                                        ; Merged with fetch:u1|pc[8]             ;
; fetch:u1|pc_out[9]                                        ; Merged with fetch:u1|pc[9]             ;
; fetch:u1|pc_out[10]                                       ; Merged with fetch:u1|pc[10]            ;
; fetch:u1|pc_out[11]                                       ; Merged with fetch:u1|pc[11]            ;
; fetch:u1|pc_out[12]                                       ; Merged with fetch:u1|pc[12]            ;
; fetch:u1|pc_out[13]                                       ; Merged with fetch:u1|pc[13]            ;
; fetch:u1|pc_out[14]                                       ; Merged with fetch:u1|pc[14]            ;
; fetch:u1|pc_out[15]                                       ; Merged with fetch:u1|pc[15]            ;
; fetch:u1|pc_out[16]                                       ; Merged with fetch:u1|pc[16]            ;
; fetch:u1|pc_out[17]                                       ; Merged with fetch:u1|pc[17]            ;
; fetch:u1|pc_out[18]                                       ; Merged with fetch:u1|pc[18]            ;
; fetch:u1|pc_out[19]                                       ; Merged with fetch:u1|pc[19]            ;
; fetch:u1|pc_out[20]                                       ; Merged with fetch:u1|pc[20]            ;
; fetch:u1|pc_out[21]                                       ; Merged with fetch:u1|pc[21]            ;
; fetch:u1|pc_out[22]                                       ; Merged with fetch:u1|pc[22]            ;
; fetch:u1|pc_out[23]                                       ; Merged with fetch:u1|pc[23]            ;
; fetch:u1|pc_out[24]                                       ; Merged with fetch:u1|pc[24]            ;
; fetch:u1|pc_out[25]                                       ; Merged with fetch:u1|pc[25]            ;
; fetch:u1|pc_out[26]                                       ; Merged with fetch:u1|pc[26]            ;
; fetch:u1|pc_out[27]                                       ; Merged with fetch:u1|pc[27]            ;
; fetch:u1|pc_out[28]                                       ; Merged with fetch:u1|pc[28]            ;
; fetch:u1|pc_out[29]                                       ; Merged with fetch:u1|pc[29]            ;
; fetch:u1|pc_out[30]                                       ; Merged with fetch:u1|pc[30]            ;
; fetch:u1|pc_out[31]                                       ; Merged with fetch:u1|pc[31]            ;
; fetch:u1|instruction[1,3,4,7..11,14,15,19,20,24,25,28,30] ; Stuck at GND due to stuck port data_in ;
; lab9:u2|immediate[1,3,4,7..11,14,15]                      ; Stuck at GND due to stuck port data_in ;
; lab9:u2|jump_addr[19,20,24,25]                            ; Stuck at GND due to stuck port data_in ;
; execute:u3|branch_decision                                ; Stuck at GND due to stuck port data_in ;
; execute:u3|zero_flag                                      ; Lost fanout                            ;
; lab9:u2|mem[0][0]                                         ; Stuck at GND due to stuck port data_in ;
; lab9:u2|mem[0][1]                                         ; Stuck at GND due to stuck port data_in ;
; lab9:u2|mem[0][2]                                         ; Stuck at GND due to stuck port data_in ;
; lab9:u2|mem[0][3]                                         ; Stuck at GND due to stuck port data_in ;
; lab9:u2|mem[0][4]                                         ; Stuck at GND due to stuck port data_in ;
; lab9:u2|mem[0][5]                                         ; Stuck at GND due to stuck port data_in ;
; lab9:u2|mem[0][6]                                         ; Stuck at GND due to stuck port data_in ;
; lab9:u2|mem[0][7]                                         ; Stuck at GND due to stuck port data_in ;
; lab9:u2|mem[0][8]                                         ; Stuck at GND due to stuck port data_in ;
; lab9:u2|mem[0][9]                                         ; Stuck at GND due to stuck port data_in ;
; lab9:u2|mem[0][10]                                        ; Stuck at GND due to stuck port data_in ;
; lab9:u2|mem[0][11]                                        ; Stuck at GND due to stuck port data_in ;
; lab9:u2|mem[0][12]                                        ; Stuck at GND due to stuck port data_in ;
; lab9:u2|mem[0][13]                                        ; Stuck at GND due to stuck port data_in ;
; lab9:u2|mem[0][14]                                        ; Stuck at GND due to stuck port data_in ;
; lab9:u2|mem[0][15]                                        ; Stuck at GND due to stuck port data_in ;
; lab9:u2|mem[0][16]                                        ; Stuck at GND due to stuck port data_in ;
; lab9:u2|mem[0][17]                                        ; Stuck at GND due to stuck port data_in ;
; lab9:u2|mem[0][18]                                        ; Stuck at GND due to stuck port data_in ;
; lab9:u2|mem[0][19]                                        ; Stuck at GND due to stuck port data_in ;
; lab9:u2|mem[0][20]                                        ; Stuck at GND due to stuck port data_in ;
; lab9:u2|mem[0][21]                                        ; Stuck at GND due to stuck port data_in ;
; lab9:u2|mem[0][22]                                        ; Stuck at GND due to stuck port data_in ;
; lab9:u2|mem[0][23]                                        ; Stuck at GND due to stuck port data_in ;
; lab9:u2|mem[0][24]                                        ; Stuck at GND due to stuck port data_in ;
; lab9:u2|mem[0][25]                                        ; Stuck at GND due to stuck port data_in ;
; lab9:u2|mem[0][26]                                        ; Stuck at GND due to stuck port data_in ;
; lab9:u2|mem[0][27]                                        ; Stuck at GND due to stuck port data_in ;
; lab9:u2|mem[0][28]                                        ; Stuck at GND due to stuck port data_in ;
; lab9:u2|mem[0][29]                                        ; Stuck at GND due to stuck port data_in ;
; lab9:u2|mem[0][30]                                        ; Stuck at GND due to stuck port data_in ;
; lab9:u2|mem[0][31]                                        ; Stuck at GND due to stuck port data_in ;
; fetch:u1|instruction[31]                                  ; Merged with fetch:u1|instruction[26]   ;
; lab9:u2|jump_addr[16]                                     ; Merged with lab9:u2|immediate[2]       ;
; lab9:u2|jump_addr[23]                                     ; Merged with lab9:u2|immediate[12]      ;
; lab9:u2|jump_addr[22]                                     ; Merged with lab9:u2|immediate[13]      ;
; fetch:u1|instruction[2]                                   ; Merged with fetch:u1|instruction[16]   ;
; fetch:u1|instruction[23]                                  ; Merged with fetch:u1|instruction[12]   ;
; fetch:u1|instruction[22]                                  ; Merged with fetch:u1|instruction[13]   ;
; fetch:u1|pc[0]                                            ; Merged with fetch:u1|counter[0]        ;
; fetch:u1|tempclk[4..31]                                   ; Lost fanout                            ;
; Total Number of Removed Registers = 170                   ;                                        ;
+-----------------------------------------------------------+----------------------------------------+


+----------------------------------------------------------------------------------------------------------------------------------------+
; Removed Registers Triggering Further Register Optimizations                                                                            ;
+--------------------------+---------------------------+---------------------------------------------------------------------------------+
; Register name            ; Reason for Removal        ; Registers Removed due to This Register                                          ;
+--------------------------+---------------------------+---------------------------------------------------------------------------------+
; fetch:u1|instruction[30] ; Stuck at GND              ; execute:u3|zero_flag, lab9:u2|mem[0][0], lab9:u2|mem[0][1], lab9:u2|mem[0][2],  ;
;                          ; due to stuck port data_in ; lab9:u2|mem[0][3], lab9:u2|mem[0][4], lab9:u2|mem[0][5], lab9:u2|mem[0][6],     ;
;                          ;                           ; lab9:u2|mem[0][7], lab9:u2|mem[0][8], lab9:u2|mem[0][9], lab9:u2|mem[0][10],    ;
;                          ;                           ; lab9:u2|mem[0][11], lab9:u2|mem[0][12], lab9:u2|mem[0][13], lab9:u2|mem[0][14], ;
;                          ;                           ; lab9:u2|mem[0][15], lab9:u2|mem[0][16], lab9:u2|mem[0][17], lab9:u2|mem[0][18], ;
;                          ;                           ; lab9:u2|mem[0][19], lab9:u2|mem[0][20], lab9:u2|mem[0][21], lab9:u2|mem[0][22], ;
;                          ;                           ; lab9:u2|mem[0][23], lab9:u2|mem[0][24], lab9:u2|mem[0][25], lab9:u2|mem[0][26], ;
;                          ;                           ; lab9:u2|mem[0][27], lab9:u2|mem[0][28], lab9:u2|mem[0][29], lab9:u2|mem[0][30], ;
;                          ;                           ; lab9:u2|mem[0][31]                                                              ;
; fetch:u1|instruction[1]  ; Stuck at GND              ; lab9:u2|immediate[1]                                                            ;
;                          ; due to stuck port data_in ;                                                                                 ;
; fetch:u1|instruction[3]  ; Stuck at GND              ; lab9:u2|immediate[3]                                                            ;
;                          ; due to stuck port data_in ;                                                                                 ;
; fetch:u1|instruction[4]  ; Stuck at GND              ; lab9:u2|immediate[4]                                                            ;
;                          ; due to stuck port data_in ;                                                                                 ;
; fetch:u1|instruction[7]  ; Stuck at GND              ; lab9:u2|immediate[7]                                                            ;
;                          ; due to stuck port data_in ;                                                                                 ;
; fetch:u1|instruction[8]  ; Stuck at GND              ; lab9:u2|immediate[8]                                                            ;
;                          ; due to stuck port data_in ;                                                                                 ;
; fetch:u1|instruction[9]  ; Stuck at GND              ; lab9:u2|immediate[9]                                                            ;
;                          ; due to stuck port data_in ;                                                                                 ;
; fetch:u1|instruction[10] ; Stuck at GND              ; lab9:u2|immediate[10]                                                           ;
;                          ; due to stuck port data_in ;                                                                                 ;
; fetch:u1|instruction[11] ; Stuck at GND              ; lab9:u2|immediate[11]                                                           ;
;                          ; due to stuck port data_in ;                                                                                 ;
; fetch:u1|instruction[14] ; Stuck at GND              ; lab9:u2|immediate[14]                                                           ;
;                          ; due to stuck port data_in ;                                                                                 ;
; fetch:u1|instruction[15] ; Stuck at GND              ; lab9:u2|immediate[15]                                                           ;
;                          ; due to stuck port data_in ;                                                                                 ;
; fetch:u1|instruction[19] ; Stuck at GND              ; lab9:u2|jump_addr[19]                                                           ;
;                          ; due to stuck port data_in ;                                                                                 ;
; fetch:u1|instruction[20] ; Stuck at GND              ; lab9:u2|jump_addr[20]                                                           ;
;                          ; due to stuck port data_in ;                                                                                 ;
; fetch:u1|instruction[24] ; Stuck at GND              ; lab9:u2|jump_addr[24]                                                           ;
;                          ; due to stuck port data_in ;                                                                                 ;
; fetch:u1|instruction[25] ; Stuck at GND              ; lab9:u2|jump_addr[25]                                                           ;
;                          ; due to stuck port data_in ;                                                                                 ;
+--------------------------+---------------------------+---------------------------------------------------------------------------------+


+------------------------------------------------------+
; General Register Statistics                          ;
+----------------------------------------------+-------+
; Statistic                                    ; Value ;
+----------------------------------------------+-------+
; Total registers                              ; 444   ;
; Number of registers using Synchronous Clear  ; 0     ;
; Number of registers using Synchronous Load   ; 0     ;
; Number of registers using Asynchronous Clear ; 0     ;
; Number of registers using Asynchronous Load  ; 0     ;
; Number of registers using Clock Enable       ; 0     ;
; Number of registers using Preset             ; 0     ;
+----------------------------------------------+-------+


+---------------------------------------------------+
; Inverted Register Statistics                      ;
+-----------------------------------------+---------+
; Inverted Register                       ; Fan out ;
+-----------------------------------------+---------+
; lab9:u2|mem[5][0]                       ; 1       ;
; lab9:u2|mem[7][0]                       ; 1       ;
; lab9:u2|mem[3][0]                       ; 1       ;
; lab9:u2|mem[1][0]                       ; 1       ;
; lab9:u2|mem[6][1]                       ; 1       ;
; lab9:u2|mem[7][1]                       ; 1       ;
; lab9:u2|mem[3][1]                       ; 1       ;
; lab9:u2|mem[2][1]                       ; 1       ;
; lab9:u2|mem[5][2]                       ; 1       ;
; lab9:u2|mem[6][2]                       ; 1       ;
; lab9:u2|mem[4][2]                       ; 1       ;
; lab9:u2|mem[7][2]                       ; 1       ;
; Total number of inverted registers = 12 ;         ;
+-----------------------------------------+---------+


+-----------------------------------------------------------------------------------------------------------------------------------------------------+
; Multiplexer Restructuring Statistics (Restructuring Performed)                                                                                      ;
+--------------------+-----------+---------------+----------------------+------------------------+------------+---------------------------------------+
; Multiplexer Inputs ; Bus Width ; Baseline Area ; Area if Restructured ; Saving if Restructured ; Registered ; Example Multiplexer Output            ;
+--------------------+-----------+---------------+----------------------+------------------------+------------+---------------------------------------+
; 4:1                ; 32 bits   ; 64 LEs        ; 64 LEs               ; 0 LEs                  ; Yes        ; |my_package|lab9:u2|register_rd[10]   ;
; 8:1                ; 32 bits   ; 160 LEs       ; 160 LEs              ; 0 LEs                  ; Yes        ; |my_package|lab9:u2|register_rt[30]   ;
; 8:1                ; 32 bits   ; 160 LEs       ; 160 LEs              ; 0 LEs                  ; Yes        ; |my_package|lab9:u2|register_rs[0]    ;
; 11:1               ; 32 bits   ; 224 LEs       ; 96 LEs               ; 128 LEs                ; Yes        ; |my_package|execute:u3|alu_result[25] ;
; 3:1                ; 2 bits    ; 4 LEs         ; 4 LEs                ; 0 LEs                  ; No         ; |my_package|control:u4|aluop[0]       ;
; 3:1                ; 20 bits   ; 40 LEs        ; 20 LEs               ; 20 LEs                 ; No         ; |my_package|fetch:u1|pc               ;
; 3:1                ; 12 bits   ; 24 LEs        ; 24 LEs               ; 0 LEs                  ; No         ; |my_package|fetch:u1|pc               ;
; 5:1                ; 32 bits   ; 96 LEs        ; 64 LEs               ; 32 LEs                 ; No         ; |my_package|lab9:u2|mem               ;
; 5:1                ; 32 bits   ; 96 LEs        ; 64 LEs               ; 32 LEs                 ; No         ; |my_package|lab9:u2|mem               ;
; 5:1                ; 32 bits   ; 96 LEs        ; 64 LEs               ; 32 LEs                 ; No         ; |my_package|lab9:u2|mem               ;
; 5:1                ; 32 bits   ; 96 LEs        ; 64 LEs               ; 32 LEs                 ; No         ; |my_package|lab9:u2|mem               ;
; 5:1                ; 32 bits   ; 96 LEs        ; 64 LEs               ; 32 LEs                 ; No         ; |my_package|lab9:u2|mem               ;
; 5:1                ; 32 bits   ; 96 LEs        ; 64 LEs               ; 32 LEs                 ; No         ; |my_package|lab9:u2|mem               ;
; 5:1                ; 32 bits   ; 96 LEs        ; 64 LEs               ; 32 LEs                 ; No         ; |my_package|lab9:u2|mem               ;
; 5:1                ; 32 bits   ; 96 LEs        ; 64 LEs               ; 32 LEs                 ; No         ; |my_package|lab9:u2|mem               ;
+--------------------+-----------+---------------+----------------------+------------------------+------------+---------------------------------------+


+-------------------------------+
; Elapsed Time Per Partition    ;
+----------------+--------------+
; Partition Name ; Elapsed Time ;
+----------------+--------------+
; Top            ; 00:00:16     ;
+----------------+--------------+


+-------------------------------+
; Analysis & Synthesis Messages ;
+-------------------------------+
Info: *******************************************************************
Info: Running Quartus II 32-bit Analysis & Synthesis
    Info: Version 13.1.0 Build 162 10/23/2013 SJ Web Edition
    Info: Processing started: Mon Dec 23 01:18:29 2019
Info: Command: quartus_map --read_settings_files=on --write_settings_files=off execute -c execute
Info (11104): Parallel Compilation has detected 8 hyper-threaded processors. However, the extra hyper-threaded processors will not be used by default. Parallel Compilation will use 4 of the 4 physical processors detected instead.
Info (12021): Found 1 design units, including 0 entities, in source file my_components.vhd
    Info (12022): Found design unit 1: my_components
Info (12021): Found 2 design units, including 1 entities, in source file my_package.vhd
    Info (12022): Found design unit 1: my_package-bvr
    Info (12023): Found entity 1: my_package
Info (12021): Found 2 design units, including 1 entities, in source file execute.vhd
    Info (12022): Found design unit 1: execute-bvr
    Info (12023): Found entity 1: execute
Info (12021): Found 2 design units, including 1 entities, in source file fetch.vhd
    Info (12022): Found design unit 1: fetch-bvr
    Info (12023): Found entity 1: fetch
Info (12021): Found 2 design units, including 1 entities, in source file datamem.vhd
    Info (12022): Found design unit 1: datamem-bvr
    Info (12023): Found entity 1: datamem
Info (12127): Elaborating entity "my_package" for the top level hierarchy
Info (12128): Elaborating entity "fetch" for hierarchy "fetch:u1"
Warning (12125): Using design file control.vhd, which is not specified as a design file for the current project, but contains definitions for 2 design units and 1 entities in project
    Info (12022): Found design unit 1: control-bvr
    Info (12023): Found entity 1: control
Info (12128): Elaborating entity "control" for hierarchy "control:u4"
Warning (10036): Verilog HDL or VHDL warning at control.vhd(16): object "addi" assigned a value but never read
Warning (10631): VHDL Process Statement warning at control.vhd(19): inferring latch(es) for signal or variable "alusrc", which holds its previous value in one or more paths through the process
Info (10041): Inferred latch for "alusrc" at control.vhd(19)
Warning (12125): Using design file lab9.vhd, which is not specified as a design file for the current project, but contains definitions for 2 design units and 1 entities in project
    Info (12022): Found design unit 1: lab9-bvr
    Info (12023): Found entity 1: lab9
Info (12128): Elaborating entity "lab9" for hierarchy "lab9:u2"
Info (12128): Elaborating entity "execute" for hierarchy "execute:u3"
Warning (10492): VHDL Process Statement warning at execute.vhd(26): signal "clk" is read inside the Process Statement but isn't in the Process Statement's sensitivity list
Info (12128): Elaborating entity "datamem" for hierarchy "datamem:u6"
Warning (10036): Verilog HDL or VHDL warning at datamem.vhd(15): object "r" assigned a value but never read
Warning (10542): VHDL Variable Declaration warning at datamem.vhd(18): used initial value expression for variable "mem0" because variable was never assigned a value
Warning (10542): VHDL Variable Declaration warning at datamem.vhd(19): used initial value expression for variable "mem1" because variable was never assigned a value
Warning (10542): VHDL Variable Declaration warning at datamem.vhd(20): used initial value expression for variable "mem2" because variable was never assigned a value
Warning (10542): VHDL Variable Declaration warning at datamem.vhd(21): used initial value expression for variable "mem3" because variable was never assigned a value
Warning (10542): VHDL Variable Declaration warning at datamem.vhd(22): used initial value expression for variable "mem4" because variable was never assigned a value
Warning (10542): VHDL Variable Declaration warning at datamem.vhd(23): used initial value expression for variable "mem5" because variable was never assigned a value
Warning (10542): VHDL Variable Declaration warning at datamem.vhd(24): used initial value expression for variable "mem6" because variable was never assigned a value
Warning (10542): VHDL Variable Declaration warning at datamem.vhd(25): used initial value expression for variable "mem7" because variable was never assigned a value
Warning (10492): VHDL Process Statement warning at datamem.vhd(30): signal "address" is read inside the Process Statement but isn't in the Process Statement's sensitivity list
Warning (10492): VHDL Process Statement warning at datamem.vhd(33): signal "write_data" is read inside the Process Statement but isn't in the Process Statement's sensitivity list
Warning (10631): VHDL Process Statement warning at datamem.vhd(17): inferring latch(es) for signal or variable "read_data", which holds its previous value in one or more paths through the process
Info (10041): Inferred latch for "read_data[0]" at datamem.vhd(17)
Info (10041): Inferred latch for "read_data[1]" at datamem.vhd(17)
Info (10041): Inferred latch for "read_data[2]" at datamem.vhd(17)
Info (10041): Inferred latch for "read_data[3]" at datamem.vhd(17)
Info (10041): Inferred latch for "read_data[4]" at datamem.vhd(17)
Info (10041): Inferred latch for "read_data[5]" at datamem.vhd(17)
Info (10041): Inferred latch for "read_data[6]" at datamem.vhd(17)
Info (10041): Inferred latch for "read_data[7]" at datamem.vhd(17)
Info (10041): Inferred latch for "read_data[8]" at datamem.vhd(17)
Info (10041): Inferred latch for "read_data[9]" at datamem.vhd(17)
Info (10041): Inferred latch for "read_data[10]" at datamem.vhd(17)
Info (10041): Inferred latch for "read_data[11]" at datamem.vhd(17)
Info (10041): Inferred latch for "read_data[12]" at datamem.vhd(17)
Info (10041): Inferred latch for "read_data[13]" at datamem.vhd(17)
Info (10041): Inferred latch for "read_data[14]" at datamem.vhd(17)
Info (10041): Inferred latch for "read_data[15]" at datamem.vhd(17)
Info (10041): Inferred latch for "read_data[16]" at datamem.vhd(17)
Info (10041): Inferred latch for "read_data[17]" at datamem.vhd(17)
Info (10041): Inferred latch for "read_data[18]" at datamem.vhd(17)
Info (10041): Inferred latch for "read_data[19]" at datamem.vhd(17)
Info (10041): Inferred latch for "read_data[20]" at datamem.vhd(17)
Info (10041): Inferred latch for "read_data[21]" at datamem.vhd(17)
Info (10041): Inferred latch for "read_data[22]" at datamem.vhd(17)
Info (10041): Inferred latch for "read_data[23]" at datamem.vhd(17)
Info (10041): Inferred latch for "read_data[24]" at datamem.vhd(17)
Info (10041): Inferred latch for "read_data[25]" at datamem.vhd(17)
Info (10041): Inferred latch for "read_data[26]" at datamem.vhd(17)
Info (10041): Inferred latch for "read_data[27]" at datamem.vhd(17)
Info (10041): Inferred latch for "read_data[28]" at datamem.vhd(17)
Info (10041): Inferred latch for "read_data[29]" at datamem.vhd(17)
Info (10041): Inferred latch for "read_data[30]" at datamem.vhd(17)
Info (10041): Inferred latch for "read_data[31]" at datamem.vhd(17)
Info (276014): Found 1 instances of uninferred RAM logic
    Info (276004): RAM logic "fetch:u1|mem" is uninferred due to inappropriate RAM size
Info (13025): Duplicate LATCH primitives merged into single LATCH primitive
    Info (13026): Duplicate LATCH primitive "datamem:u6|read_data[28]" merged with LATCH primitive "datamem:u6|read_data[0]"
    Info (13026): Duplicate LATCH primitive "datamem:u6|read_data[24]" merged with LATCH primitive "datamem:u6|read_data[0]"
    Info (13026): Duplicate LATCH primitive "datamem:u6|read_data[20]" merged with LATCH primitive "datamem:u6|read_data[0]"
    Info (13026): Duplicate LATCH primitive "datamem:u6|read_data[16]" merged with LATCH primitive "datamem:u6|read_data[0]"
    Info (13026): Duplicate LATCH primitive "datamem:u6|read_data[12]" merged with LATCH primitive "datamem:u6|read_data[0]"
    Info (13026): Duplicate LATCH primitive "datamem:u6|read_data[8]" merged with LATCH primitive "datamem:u6|read_data[0]"
    Info (13026): Duplicate LATCH primitive "datamem:u6|read_data[4]" merged with LATCH primitive "datamem:u6|read_data[0]"
    Info (13026): Duplicate LATCH primitive "datamem:u6|read_data[29]" merged with LATCH primitive "datamem:u6|read_data[1]"
    Info (13026): Duplicate LATCH primitive "datamem:u6|read_data[25]" merged with LATCH primitive "datamem:u6|read_data[1]"
    Info (13026): Duplicate LATCH primitive "datamem:u6|read_data[21]" merged with LATCH primitive "datamem:u6|read_data[1]"
    Info (13026): Duplicate LATCH primitive "datamem:u6|read_data[17]" merged with LATCH primitive "datamem:u6|read_data[1]"
    Info (13026): Duplicate LATCH primitive "datamem:u6|read_data[13]" merged with LATCH primitive "datamem:u6|read_data[1]"
    Info (13026): Duplicate LATCH primitive "datamem:u6|read_data[9]" merged with LATCH primitive "datamem:u6|read_data[1]"
    Info (13026): Duplicate LATCH primitive "datamem:u6|read_data[5]" merged with LATCH primitive "datamem:u6|read_data[1]"
    Info (13026): Duplicate LATCH primitive "datamem:u6|read_data[30]" merged with LATCH primitive "datamem:u6|read_data[2]"
    Info (13026): Duplicate LATCH primitive "datamem:u6|read_data[26]" merged with LATCH primitive "datamem:u6|read_data[2]"
    Info (13026): Duplicate LATCH primitive "datamem:u6|read_data[22]" merged with LATCH primitive "datamem:u6|read_data[2]"
    Info (13026): Duplicate LATCH primitive "datamem:u6|read_data[18]" merged with LATCH primitive "datamem:u6|read_data[2]"
    Info (13026): Duplicate LATCH primitive "datamem:u6|read_data[14]" merged with LATCH primitive "datamem:u6|read_data[2]"
    Info (13026): Duplicate LATCH primitive "datamem:u6|read_data[10]" merged with LATCH primitive "datamem:u6|read_data[2]"
    Info (13026): Duplicate LATCH primitive "datamem:u6|read_data[6]" merged with LATCH primitive "datamem:u6|read_data[2]"
Warning (13012): Latch control:u4|alusrc has unsafe behavior
    Warning (13013): Ports D and ENA on the latch are fed by the same signal fetch:u1|instruction[29]
    Warning (13013): Ports ENA and PRE on the latch are fed by the same signal fetch:u1|instruction[29]
Warning (13024): Output pins are stuck at VCC or GND
    Warning (13410): Pin "beq_control" is stuck at GND
    Warning (13410): Pin "jumpaddr[1]" is stuck at GND
    Warning (13410): Pin "jumpaddr[3]" is stuck at GND
    Warning (13410): Pin "jumpaddr[4]" is stuck at GND
    Warning (13410): Pin "jumpaddr[7]" is stuck at GND
    Warning (13410): Pin "jumpaddr[8]" is stuck at GND
    Warning (13410): Pin "jumpaddr[9]" is stuck at GND
    Warning (13410): Pin "jumpaddr[10]" is stuck at GND
    Warning (13410): Pin "jumpaddr[11]" is stuck at GND
    Warning (13410): Pin "jumpaddr[14]" is stuck at GND
    Warning (13410): Pin "jumpaddr[15]" is stuck at GND
    Warning (13410): Pin "jumpaddr[19]" is stuck at GND
    Warning (13410): Pin "jumpaddr[20]" is stuck at GND
    Warning (13410): Pin "jumpaddr[24]" is stuck at GND
    Warning (13410): Pin "jumpaddr[25]" is stuck at GND
    Warning (13410): Pin "jumpaddr[26]" is stuck at GND
    Warning (13410): Pin "jumpaddr[27]" is stuck at GND
    Warning (13410): Pin "jumpaddr[28]" is stuck at GND
    Warning (13410): Pin "jumpaddr[29]" is stuck at GND
    Warning (13410): Pin "jumpaddr[30]" is stuck at GND
    Warning (13410): Pin "jumpaddr[31]" is stuck at GND
    Warning (13410): Pin "branch_Dec" is stuck at GND
    Warning (13410): Pin "instruction[1]" is stuck at GND
    Warning (13410): Pin "instruction[3]" is stuck at GND
    Warning (13410): Pin "instruction[4]" is stuck at GND
    Warning (13410): Pin "instruction[7]" is stuck at GND
    Warning (13410): Pin "instruction[8]" is stuck at GND
    Warning (13410): Pin "instruction[9]" is stuck at GND
    Warning (13410): Pin "instruction[10]" is stuck at GND
    Warning (13410): Pin "instruction[11]" is stuck at GND
    Warning (13410): Pin "instruction[14]" is stuck at GND
    Warning (13410): Pin "instruction[15]" is stuck at GND
    Warning (13410): Pin "instruction[19]" is stuck at GND
    Warning (13410): Pin "instruction[20]" is stuck at GND
    Warning (13410): Pin "instruction[24]" is stuck at GND
    Warning (13410): Pin "instruction[25]" is stuck at GND
    Warning (13410): Pin "instruction[28]" is stuck at GND
    Warning (13410): Pin "instruction[30]" is stuck at GND
    Warning (13410): Pin "immediate[1]" is stuck at GND
    Warning (13410): Pin "immediate[3]" is stuck at GND
    Warning (13410): Pin "immediate[4]" is stuck at GND
    Warning (13410): Pin "immediate[7]" is stuck at GND
    Warning (13410): Pin "immediate[8]" is stuck at GND
    Warning (13410): Pin "immediate[9]" is stuck at GND
    Warning (13410): Pin "immediate[10]" is stuck at GND
    Warning (13410): Pin "immediate[11]" is stuck at GND
    Warning (13410): Pin "immediate[14]" is stuck at GND
    Warning (13410): Pin "immediate[15]" is stuck at GND
    Warning (13410): Pin "immediate[16]" is stuck at GND
    Warning (13410): Pin "immediate[17]" is stuck at GND
    Warning (13410): Pin "immediate[18]" is stuck at GND
    Warning (13410): Pin "immediate[19]" is stuck at GND
    Warning (13410): Pin "immediate[20]" is stuck at GND
    Warning (13410): Pin "immediate[21]" is stuck at GND
    Warning (13410): Pin "immediate[22]" is stuck at GND
    Warning (13410): Pin "immediate[23]" is stuck at GND
    Warning (13410): Pin "immediate[24]" is stuck at GND
    Warning (13410): Pin "immediate[25]" is stuck at GND
    Warning (13410): Pin "immediate[26]" is stuck at GND
    Warning (13410): Pin "immediate[27]" is stuck at GND
    Warning (13410): Pin "immediate[28]" is stuck at GND
    Warning (13410): Pin "immediate[29]" is stuck at GND
    Warning (13410): Pin "immediate[30]" is stuck at GND
    Warning (13410): Pin "immediate[31]" is stuck at GND
    Warning (13410): Pin "memory_data[3]" is stuck at GND
    Warning (13410): Pin "memory_data[7]" is stuck at GND
    Warning (13410): Pin "memory_data[11]" is stuck at GND
    Warning (13410): Pin "memory_data[15]" is stuck at GND
    Warning (13410): Pin "memory_data[19]" is stuck at GND
    Warning (13410): Pin "memory_data[23]" is stuck at GND
    Warning (13410): Pin "memory_data[27]" is stuck at GND
    Warning (13410): Pin "memory_data[31]" is stuck at GND
Info (286030): Timing-Driven Synthesis is running
Info (17049): 29 registers lost all their fanouts during netlist optimizations.
Info (16010): Generating hard_block partition "hard_block:auto_generated_inst"
    Info (16011): Adding 0 node(s), including 0 DDIO, 0 PLL, 0 transceiver and 0 LCELL
Info (21057): Implemented 1571 device resources after synthesis - the final resource count might be different
    Info (21058): Implemented 2 input pins
    Info (21059): Implemented 329 output pins
    Info (21061): Implemented 1240 logic cells
Info: Quartus II 32-bit Analysis & Synthesis was successful. 0 errors, 93 warnings
    Info: Peak virtual memory: 450 megabytes
    Info: Processing ended: Mon Dec 23 01:18:54 2019
    Info: Elapsed time: 00:00:25
    Info: Total CPU time (on all processors): 00:00:21


